Building DAG of jobs...
Using shell: /bin/bash
Provided cores: 1
Rules claiming more threads will be scaled down.
Job counts:
	count	jobs
	1	aldex
	4	aldex_plot
	1	all
	1	combine_stats
	1	init
	1	relab_analysis
	9

[Fri Nov 30 07:41:59 2018]
localrule init:
    input: ../output/seqtab.tsv, /Users/silas/PhD/06_Projects/Warm_claire_microbiota/01_mapping_files/mapping_file_WT.tsv
    output: data.tsv, metadata.tsv
    jobid: 7

[Fri Nov 30 07:42:02 2018]
Finished job 7.
1 of 9 steps (11%) done

[Fri Nov 30 07:42:02 2018]
rule aldex:
    input: data.tsv, metadata.tsv
    output: Comparisons/TempOVA-t/stats_aldex.tsv, Comparisons/TempSH/stats_aldex.tsv, Comparisons/TempOVA/stats_aldex.tsv, Comparisons/Ova/stats_aldex.tsv
    log: logs/aldex2.txt
    jobid: 6

[Fri Nov 30 07:43:59 2018]
Finished job 6.
2 of 9 steps (22%) done

[Fri Nov 30 07:43:59 2018]
rule combine_stats:
    input: Comparisons/TempOVA-t/stats_aldex.tsv, Comparisons/TempSH/stats_aldex.tsv, Comparisons/TempOVA/stats_aldex.tsv, Comparisons/Ova/stats_aldex.tsv
    output: Comparisons/cobined_stats_aldex.tsv
    jobid: 2

[Fri Nov 30 07:44:02 2018]
Finished job 2.
3 of 9 steps (33%) done

[Fri Nov 30 07:44:02 2018]
rule aldex_plot:
    input: Comparisons/TempSH/stats_aldex.tsv
    output: Comparisons/TempSH/aldex_plot.pdf
    jobid: 8
    wildcards: comparison=TempSH

[Fri Nov 30 07:44:04 2018]
Finished job 8.
4 of 9 steps (44%) done

[Fri Nov 30 07:44:04 2018]
rule aldex_plot:
    input: Comparisons/TempOVA-t/stats_aldex.tsv
    output: Comparisons/TempOVA-t/aldex_plot.pdf
    jobid: 5
    wildcards: comparison=TempOVA-t

[Fri Nov 30 07:44:07 2018]
Finished job 5.
5 of 9 steps (56%) done

[Fri Nov 30 07:44:07 2018]
rule aldex_plot:
    input: Comparisons/Ova/stats_aldex.tsv
    output: Comparisons/Ova/aldex_plot.pdf
    jobid: 1
    wildcards: comparison=Ova

[Fri Nov 30 07:44:10 2018]
Finished job 1.
6 of 9 steps (67%) done

[Fri Nov 30 07:44:10 2018]
rule aldex_plot:
    input: Comparisons/TempOVA/stats_aldex.tsv
    output: Comparisons/TempOVA/aldex_plot.pdf
    jobid: 3
    wildcards: comparison=TempOVA

[Fri Nov 30 07:44:13 2018]
Finished job 3.
7 of 9 steps (78%) done

[Fri Nov 30 07:44:13 2018]
rule relab_analysis:
    input: data.tsv, metadata.tsv
    output: Comparisons/TempOVA-t/stats_relab.tsv, Comparisons/TempSH/stats_relab.tsv, Comparisons/TempOVA/stats_relab.tsv, Comparisons/Ova/stats_relab.tsv
    jobid: 4

[Fri Nov 30 07:44:44 2018]
Finished job 4.
8 of 9 steps (89%) done

[Fri Nov 30 07:44:44 2018]
localrule all:
    input: data.tsv, metadata.tsv, Comparisons/TempOVA-t/stats_aldex.tsv, Comparisons/TempOVA-t/aldex_plot.pdf, Comparisons/TempOVA-t/stats_relab.tsv, Comparisons/TempSH/stats_aldex.tsv, Comparisons/TempSH/aldex_plot.pdf, Comparisons/TempSH/stats_relab.tsv, Comparisons/TempOVA/stats_aldex.tsv, Comparisons/TempOVA/aldex_plot.pdf, Comparisons/TempOVA/stats_relab.tsv, Comparisons/Ova/stats_aldex.tsv, Comparisons/Ova/aldex_plot.pdf, Comparisons/Ova/stats_relab.tsv, Comparisons/cobined_stats_aldex.tsv
    jobid: 0

[Fri Nov 30 07:44:44 2018]
Finished job 0.
9 of 9 steps (100%) done
Complete log: /Users/silas/Desktop/WarmMicrobiota/Sequencing_C/Analysis/Analysis/.snakemake/log/2018-11-30T074157.829217.snakemake.log
