Building DAG of jobs...
Using shell: /bin/bash
Provided cores: 1
Rules claiming more threads will be scaled down.
Job counts:
	count	jobs
	2	IDtaxa
	1	all
	1	combine_read_counts
	1	filterLength
	1	get_rep_seq
	1	removeChimeras
	7

[Thu Nov 29 10:57:29 2018]
rule removeChimeras:
    input: output/seqtab_with_chimeras.rds
    output: output/seqtab_nochimeras.rds, stats/Nreads_chimera_removed.txt
    log: logs/dada2/removeChimeras.txt
    jobid: 8

[Thu Nov 29 11:10:58 2018]
Error in rule removeChimeras:
    jobid: 8
    output: output/seqtab_nochimeras.rds, stats/Nreads_chimera_removed.txt
    log: logs/dada2/removeChimeras.txt

RuleException:
CalledProcessError in line 79 of /Users/silas/Documents/GitHub/amplicon-seq-dada2/rules/dada2.smk:
Command ' set -euo pipefail;  Rscript /Users/silas/Desktop/WarmMicrobiota/Sequencing_C/Analysis/.snakemake/scripts/tmpu1wxzvik.removeChimeras.R ' returned non-zero exit status 1.
  File "/Users/silas/Documents/GitHub/amplicon-seq-dada2/rules/dada2.smk", line 79, in __rule_removeChimeras
  File "/Users/silas/anaconda3/lib/python3.6/concurrent/futures/thread.py", line 55, in run
Removing output files of failed job removeChimeras since they might be corrupted:
output/seqtab_nochimeras.rds
Shutting down, this might take some time.
Exiting because a job execution failed. Look above for error message
Complete log: /Users/silas/Desktop/WarmMicrobiota/Sequencing_C/Analysis/.snakemake/log/2018-11-29T105729.028250.snakemake.log
