Building DAG of jobs...
Using shell: /bin/bash
Provided cores: 1
Rules claiming more threads will be scaled down.
Job counts:
	count	jobs
	2	IDtaxa
	1	all
	1	build_tree
	1	combine_read_counts
	1	filterLength
	1	get_rep_seq
	1	removeChimeras
	8

[Thu Nov 29 11:25:42 2018]
rule removeChimeras:
    input: output/seqtab_with_chimeras.rds
    output: output/seqtab_nochimeras.rds, stats/Nreads_chimera_removed.txt
    log: logs/dada2/removeChimeras.txt
    jobid: 9

Terminating processes on user request, this might take some time.
Cancelling snakemake on user request.
