Building DAG of jobs...
Using shell: /bin/bash
Provided cores: 1
Rules claiming more threads will be scaled down.
Job counts:
	count	jobs
	1	aldex
	1

[Tue Nov 27 13:34:32 2018]
rule aldex:
    input: data.tsv, metadata.tsv
    output: Comparisons/TempOVA-t/stats.tsv, Comparisons/TempSH/stats.tsv, Comparisons/TempOVA/stats.tsv, Comparisons/Ova/stats.tsv
    log: logs/aldex2.txt
    jobid: 0

[Tue Nov 27 13:35:08 2018]
Error in rule aldex:
    jobid: 0
    output: Comparisons/TempOVA-t/stats.tsv, Comparisons/TempSH/stats.tsv, Comparisons/TempOVA/stats.tsv, Comparisons/Ova/stats.tsv
    log: logs/aldex2.txt

RuleException:
CalledProcessError in line 49 of /Users/silas/Documents/GitHub/microbiome-analysis/Snakefile:
Command ' set -euo pipefail;  Rscript /Users/silas/Desktop/WarmMicrobiota/Analysis/.snakemake/scripts/tmppdy_ms6d.aldex.R ' returned non-zero exit status 1.
  File "/Users/silas/Documents/GitHub/microbiome-analysis/Snakefile", line 49, in __rule_aldex
  File "/Users/silas/anaconda3/lib/python3.6/concurrent/futures/thread.py", line 55, in run
Shutting down, this might take some time.
Exiting because a job execution failed. Look above for error message
Complete log: /Users/silas/Desktop/WarmMicrobiota/Analysis/.snakemake/log/2018-11-27T133431.937877.snakemake.log
