Building DAG of jobs...
Using shell: /bin/bash
Provided cores: 1
Rules claiming more threads will be scaled down.
Job counts:
	count	jobs
	1	propr_rho
	1

[Tue Nov 27 14:37:43 2018]
rule propr_rho:
    input: data.tsv, metadata.tsv
    output: Correlations/rho.tsv
    log: logs/propr_rho.txt
    jobid: 0

[Tue Nov 27 14:38:19 2018]
Error in rule propr_rho:
    jobid: 0
    output: Correlations/rho.tsv
    log: logs/propr_rho.txt

RuleException:
CalledProcessError in line 65 of /Users/silas/Documents/GitHub/microbiome-analysis/Snakefile:
Command ' set -euo pipefail;  Rscript /Users/silas/Desktop/WarmMicrobiota/Analysis/.snakemake/scripts/tmprl1ttcoq.aldex.R ' returned non-zero exit status 1.
  File "/Users/silas/Documents/GitHub/microbiome-analysis/Snakefile", line 65, in __rule_propr_rho
  File "/Users/silas/anaconda3/lib/python3.6/concurrent/futures/thread.py", line 55, in run
Shutting down, this might take some time.
Exiting because a job execution failed. Look above for error message
Complete log: /Users/silas/Desktop/WarmMicrobiota/Analysis/.snakemake/log/2018-11-27T143743.181895.snakemake.log
