Building DAG of jobs...
Using shell: /bin/bash
Provided cores: 1
Rules claiming more threads will be scaled down.
Job counts:
	count	jobs
	2	IDtaxa
	1	all
	1	build_tree
	1	get_rep_seq
	5

[Thu Nov 29 15:00:24 2018]
rule IDtaxa:
    input: output/seqtab.rds, /Users/silas/Desktop/WarmMicrobiota/TaxonmyDBs/SILVA_SSU_r132_March2018.RData
    output: taxonomy/Silva.tsv
    log: logs/dada2/IDtaxa_Silva.txt
    jobid: 4
    wildcards: ref=Silva

[Thu Nov 29 17:07:44 2018]
Finished job 4.
1 of 5 steps (20%) done

[Thu Nov 29 17:07:44 2018]
rule IDtaxa:
    input: output/seqtab.rds, /Users/silas/Desktop/WarmMicrobiota/TaxonmyDBs/GTDB_r86-mod_September2018.RData
    output: taxonomy/GTDB.tsv
    log: logs/dada2/IDtaxa_GTDB.txt
    jobid: 1
    wildcards: ref=GTDB

[Thu Nov 29 17:17:42 2018]
Finished job 1.
2 of 5 steps (40%) done

[Thu Nov 29 17:17:42 2018]
rule get_rep_seq:
    input: output/seqtab.tsv
    output: taxonomy/rep_seq.fasta
    jobid: 5

[Thu Nov 29 17:17:43 2018]
Finished job 5.
3 of 5 steps (60%) done

[Thu Nov 29 17:17:43 2018]
rule build_tree:
    input: output/seqtab.rds
    output: taxonomy/alignment.fasta, taxonomy/otu_tree.nwk
    log: logs/taxonomy/alignment.txt
    jobid: 7

Terminating processes on user request, this might take some time.
[Thu Nov 29 17:57:22 2018]
Finished job 7.
4 of 5 steps (80%) done
Complete log: /Users/silas/Desktop/WarmMicrobiota/Sequencing_C/Analysis/.snakemake/log/2018-11-29T150023.768702.snakemake.log
