Building DAG of jobs...
Using shell: /bin/bash
Provided cores: 1
Rules claiming more threads will be scaled down.
Job counts:
	count	jobs
	1	all
	1	build_tree
	1	combine_read_counts
	1	filterLength
	1	get_rep_seq
	1	removeChimeras
	6

[Fri Dec 14 11:46:47 2018]
rule removeChimeras:
    input: output/seqtab_with_chimeras.rds
    output: output/seqtab_nochimeras.rds, stats/Nreads_chimera_removed.txt
    log: logs/dada2/removeChimeras.txt
    jobid: 6

Removing temporary output file output/seqtab_with_chimeras.rds.
[Fri Dec 14 11:50:26 2018]
Finished job 6.
1 of 6 steps (17%) done

[Fri Dec 14 11:50:26 2018]
rule combine_read_counts:
    input: stats/Nreads_filtered.txt, stats/Nreads_dereplicated.txt, stats/Nreads_chimera_removed.txt
    output: stats/Nreads.tsv, stats/Nreads.pdf
    jobid: 4

Removing temporary output file stats/Nreads_dereplicated.txt.
Removing temporary output file stats/Nreads_chimera_removed.txt.
[Fri Dec 14 11:50:28 2018]
Finished job 4.
2 of 6 steps (33%) done

[Fri Dec 14 11:50:28 2018]
rule filterLength:
    input: output/seqtab_nochimeras.rds
    output: figures/Lengths/Sequence_Length_distribution.pdf, figures/Lengths/Sequence_Length_distribution_abundance.pdf, output/seqtab.rds, output/seqtab.tsv
    log: logs/dada2/filterLength.txt
    jobid: 1

[Fri Dec 14 11:50:37 2018]
Finished job 1.
3 of 6 steps (50%) done

[Fri Dec 14 11:50:37 2018]
rule get_rep_seq:
    input: output/seqtab.tsv
    output: taxonomy/rep_seq.fasta
    jobid: 3

[Fri Dec 14 11:50:37 2018]
Finished job 3.
4 of 6 steps (67%) done

[Fri Dec 14 11:50:37 2018]
rule build_tree:
    input: output/seqtab.rds
    output: taxonomy/alignment.fasta, taxonomy/otu_tree.nwk
    log: logs/taxonomy/alignment.txt
    jobid: 5

[Fri Dec 14 12:54:14 2018]
Finished job 5.
5 of 6 steps (83%) done

[Fri Dec 14 12:54:14 2018]
localrule all:
    input: stats/Nreads_filtered.txt, model/ErrorRates_R1.rds, output/seqtab.tsv, figures/Lengths/Sequence_Length_distribution_abundance.pdf, taxonomy/Silva.tsv, taxonomy/GTDB.tsv, taxonomy/rep_seq.fasta, stats/Nreads.tsv, taxonomy/otu_tree.nwk
    jobid: 0

[Fri Dec 14 12:54:14 2018]
Finished job 0.
6 of 6 steps (100%) done
Complete log: /Users/silas/Desktop/WarmMicrobiota/Sequencing_B/Analysis_warm/.snakemake/log/2018-12-14T114646.481116.snakemake.log
