Building DAG of jobs...
Using shell: /bin/bash
Provided cores: 1
Rules claiming more threads will be scaled down.
Job counts:
	count	jobs
	1	aldex
	3	aldex_plot
	1	all
	1	combine_relb_stats
	1	combine_stats
	1	init
	1	relab_analysis
	9

[Fri Jul 26 17:47:09 2019]
localrule init:
    input: ../output/genus.tsv, /Users/silas/PhD/06_Projects/Warm_claire_microbiota/01_mapping_files/mapping_file_WT.tsv
    output: data.tsv, metadata.tsv
    jobid: 1

[Fri Jul 26 17:47:11 2019]
Finished job 1.
1 of 9 steps (11%) done

[Fri Jul 26 17:47:11 2019]
rule aldex:
    input: data.tsv, metadata.tsv
    output: Comparisons/TempOVA-t/stats_aldex.tsv, Comparisons/TempSH/stats_aldex.tsv, Comparisons/TempOVA/stats_aldex.tsv
    log: logs/aldex2.txt
    jobid: 2

[Fri Jul 26 17:47:29 2019]
Finished job 2.
2 of 9 steps (22%) done

[Fri Jul 26 17:47:29 2019]
rule combine_stats:
    input: Comparisons/TempOVA-t/stats_aldex.tsv, Comparisons/TempSH/stats_aldex.tsv, Comparisons/TempOVA/stats_aldex.tsv
    output: Comparisons/cobined_stats_aldex.tsv
    jobid: 7

[Fri Jul 26 17:47:31 2019]
Finished job 7.
3 of 9 steps (33%) done

[Fri Jul 26 17:47:31 2019]
rule aldex_plot:
    input: Comparisons/TempOVA-t/stats_aldex.tsv
    output: Comparisons/TempOVA-t/aldex_plot.pdf
    jobid: 3
    wildcards: comparison=TempOVA-t

[Fri Jul 26 17:47:33 2019]
Finished job 3.
4 of 9 steps (44%) done

[Fri Jul 26 17:47:33 2019]
rule aldex_plot:
    input: Comparisons/TempSH/stats_aldex.tsv
    output: Comparisons/TempSH/aldex_plot.pdf
    jobid: 5
    wildcards: comparison=TempSH

[Fri Jul 26 17:47:36 2019]
Finished job 5.
5 of 9 steps (56%) done

[Fri Jul 26 17:47:36 2019]
rule aldex_plot:
    input: Comparisons/TempOVA/stats_aldex.tsv
    output: Comparisons/TempOVA/aldex_plot.pdf
    jobid: 6
    wildcards: comparison=TempOVA

[Fri Jul 26 17:47:38 2019]
Finished job 6.
6 of 9 steps (67%) done

[Fri Jul 26 17:47:38 2019]
rule relab_analysis:
    input: data.tsv, metadata.tsv
    output: Comparisons/TempOVA-t/stats_relab.tsv, Comparisons/TempSH/stats_relab.tsv, Comparisons/TempOVA/stats_relab.tsv
    jobid: 4

[Fri Jul 26 17:47:42 2019]
Finished job 4.
7 of 9 steps (78%) done

[Fri Jul 26 17:47:42 2019]
rule combine_relb_stats:
    input: Comparisons/TempOVA-t/stats_relab.tsv, Comparisons/TempSH/stats_relab.tsv, Comparisons/TempOVA/stats_relab.tsv
    output: Comparisons/cobined_stats_relab.tsv
    jobid: 8

[Fri Jul 26 17:47:44 2019]
Finished job 8.
8 of 9 steps (89%) done

[Fri Jul 26 17:47:44 2019]
localrule all:
    input: data.tsv, metadata.tsv, Comparisons/TempOVA-t/stats_aldex.tsv, Comparisons/TempOVA-t/aldex_plot.pdf, Comparisons/TempOVA-t/stats_relab.tsv, Comparisons/TempSH/stats_aldex.tsv, Comparisons/TempSH/aldex_plot.pdf, Comparisons/TempSH/stats_relab.tsv, Comparisons/TempOVA/stats_aldex.tsv, Comparisons/TempOVA/aldex_plot.pdf, Comparisons/TempOVA/stats_relab.tsv, Comparisons/cobined_stats_aldex.tsv, Comparisons/cobined_stats_relab.tsv
    jobid: 0

[Fri Jul 26 17:47:44 2019]
Finished job 0.
9 of 9 steps (100%) done
Complete log: /Users/silas/Desktop/WarmMicrobiota/Sequencing_C/Analysis/Analysis_genus/.snakemake/log/2019-07-26T174708.458285.snakemake.log
